
   Program  MARK  - Survival Rate Estimation with Capture-Recapture Data
   Compaq(Win32) Vers. 6.1 Feb 2011     26-Dec-2013 01:47:57    Page  001
 - - - - - - - - - - - - - - - - - - - - - - - - - - - - - - - - - - - - - -
 


  INPUT --- proc title   ;

     Time in seconds for last procedure was 0.03


  INPUT --- proc chmatrix occasions= 10  groups= 1  etype= Multistrata 
  INPUT --- Threads= -1 strata=4  ICMeans NoHist hist= 51 ;

  INPUT ---    time interval  1 1 1 1 1 1 1 1 1 ;

  INPUT ---      strata=A B C M;

  INPUT ---    glabel(1)=Group 1;

      Number of unique encounter histories read was 51.

      Number of individual covariates read was 0.
      Time interval lengths are all equal to 1.

      Data type is Multi-state Live Encounters.                                                    

     Time in seconds for last procedure was 0.02

  Program  MARK  - Survival Rate Estimation with Capture-Recapture Data
   Compaq(Win32) Vers. 6.1 Feb 2011     26-Dec-2013 01:47:57    Page  002
 - - - - - - - - - - - - - - - - - - - - - - - - - - - - - - - - - - - - - -
 


  INPUT --- proc estimate link=Parm-Specific NOLOOP varest=2ndPart    ;


  INPUT --- model={ S(~-1 + stratum * year)p(~season)Psi(~-1 + 
  INPUT --- stratum:tostratum) };
 TRIANG

  INPUT ---    group=1 S A:Stratum1   rows=9 cols=9 Triang ;
  INPUT ---        1 2 2 3 3 4 4 5 5 ;
  INPUT ---        2 2 3 3 4 4 5 5 ;
  INPUT ---        2 3 3 4 4 5 5 ;
  INPUT ---        3 3 4 4 5 5 ;
  INPUT ---        3 4 4 5 5 ;
  INPUT ---        4 4 5 5 ;
  INPUT ---        4 5 5 ;
  INPUT ---        5 5 ;
  INPUT ---        5 ;
 TRIANG

  INPUT ---    group=1 S B:Stratum2   rows=9 cols=9 Triang ;
  INPUT ---        6 7 7 8 8 9 9 10 10 ;
  INPUT ---        7 7 8 8 9 9 10 10 ;
  INPUT ---        7 8 8 9 9 10 10 ;
  INPUT ---        8 8 9 9 10 10 ;
  INPUT ---        8 9 9 10 10 ;
  INPUT ---        9 9 10 10 ;
  INPUT ---        9 10 10 ;
  INPUT ---        10 10 ;
  INPUT ---        10 ;
 TRIANG

  INPUT ---    group=1 S C:Stratum3   rows=9 cols=9 Triang ;
  INPUT ---        11 12 12 13 13 14 14 15 15 ;
  INPUT ---        12 12 13 13 14 14 15 15 ;
  INPUT ---        12 13 13 14 14 15 15 ;
  INPUT ---        13 13 14 14 15 15 ;
  INPUT ---        13 14 14 15 15 ;
  INPUT ---        14 14 15 15 ;
  INPUT ---        14 15 15 ;
  INPUT ---        15 15 ;
  INPUT ---        15 ;
 TRIANG

  INPUT ---    group=1 S M:Stratum4   rows=9 cols=9 Triang ;
  INPUT ---        16 17 17 18 18 19 19 20 20 ;
  INPUT ---        17 17 18 18 19 19 20 20 ;
  INPUT ---        17 18 18 19 19 20 20 ;
  INPUT ---        18 18 19 19 20 20 ;

  Program  MARK  - Survival Rate Estimation with Capture-Recapture Data
   Compaq(Win32) Vers. 6.1 Feb 2011     26-Dec-2013 01:47:57    Page  003
 - - - - - - - - - - - - - - - - - - - - - - - - - - - - - - - - - - - - - -
 
  INPUT ---        18 19 19 20 20 ;
  INPUT ---        19 19 20 20 ;
  INPUT ---        19 20 20 ;
  INPUT ---        20 20 ;
  INPUT ---        20 ;
 TRIANG

  INPUT ---    group=1 p A:Stratum1   rows=9 cols=9 Triang ;
  INPUT ---        21 22 21 22 21 22 21 22 21 ;
  INPUT ---        22 21 22 21 22 21 22 21 ;
  INPUT ---        21 22 21 22 21 22 21 ;
  INPUT ---        22 21 22 21 22 21 ;
  INPUT ---        21 22 21 22 21 ;
  INPUT ---        22 21 22 21 ;
  INPUT ---        21 22 21 ;
  INPUT ---        22 21 ;
  INPUT ---        21 ;
 TRIANG

  INPUT ---    group=1 p B:Stratum2   rows=9 cols=9 Triang ;
  INPUT ---        21 22 21 22 21 22 21 22 21 ;
  INPUT ---        22 21 22 21 22 21 22 21 ;
  INPUT ---        21 22 21 22 21 22 21 ;
  INPUT ---        22 21 22 21 22 21 ;
  INPUT ---        21 22 21 22 21 ;
  INPUT ---        22 21 22 21 ;
  INPUT ---        21 22 21 ;
  INPUT ---        22 21 ;
  INPUT ---        21 ;
 TRIANG

  INPUT ---    group=1 p C:Stratum3   rows=9 cols=9 Triang ;
  INPUT ---        21 22 21 22 21 22 21 22 21 ;
  INPUT ---        22 21 22 21 22 21 22 21 ;
  INPUT ---        21 22 21 22 21 22 21 ;
  INPUT ---        22 21 22 21 22 21 ;
  INPUT ---        21 22 21 22 21 ;
  INPUT ---        22 21 22 21 ;
  INPUT ---        21 22 21 ;
  INPUT ---        22 21 ;
  INPUT ---        21 ;
 TRIANG

  INPUT ---    group=1 p M:Stratum4   rows=9 cols=9 Triang ;
  INPUT ---        21 22 21 22 21 22 21 22 21 ;
  INPUT ---        22 21 22 21 22 21 22 21 ;
  INPUT ---        21 22 21 22 21 22 21 ;
  INPUT ---        22 21 22 21 22 21 ;
  INPUT ---        21 22 21 22 21 ;
  INPUT ---        22 21 22 21 ;

  Program  MARK  - Survival Rate Estimation with Capture-Recapture Data
   Compaq(Win32) Vers. 6.1 Feb 2011     26-Dec-2013 01:47:57    Page  004
 - - - - - - - - - - - - - - - - - - - - - - - - - - - - - - - - - - - - - -
 
  INPUT ---        21 22 21 ;
  INPUT ---        22 21 ;
  INPUT ---        21 ;
 TRIANG

  INPUT ---    group=1 Psi A to B   rows=9 cols=9 Triang ;
  INPUT ---        23 24 25 26 27 28 29 30 31 ;
  INPUT ---        24 25 26 27 28 29 30 31 ;
  INPUT ---        25 26 27 28 29 30 31 ;
  INPUT ---        26 27 28 29 30 31 ;
  INPUT ---        27 28 29 30 31 ;
  INPUT ---        28 29 30 31 ;
  INPUT ---        29 30 31 ;
  INPUT ---        30 31 ;
  INPUT ---        31 ;
 TRIANG

  INPUT ---    group=1 Psi A to C   rows=9 cols=9 Triang ;
  INPUT ---        32 33 34 35 36 37 38 39 40 ;
  INPUT ---        33 34 35 36 37 38 39 40 ;
  INPUT ---        34 35 36 37 38 39 40 ;
  INPUT ---        35 36 37 38 39 40 ;
  INPUT ---        36 37 38 39 40 ;
  INPUT ---        37 38 39 40 ;
  INPUT ---        38 39 40 ;
  INPUT ---        39 40 ;
  INPUT ---        40 ;
 TRIANG

  INPUT ---    group=1 Psi A to M   rows=9 cols=9 Triang ;
  INPUT ---        41 42 43 44 45 46 47 48 49 ;
  INPUT ---        42 43 44 45 46 47 48 49 ;
  INPUT ---        43 44 45 46 47 48 49 ;
  INPUT ---        44 45 46 47 48 49 ;
  INPUT ---        45 46 47 48 49 ;
  INPUT ---        46 47 48 49 ;
  INPUT ---        47 48 49 ;
  INPUT ---        48 49 ;
  INPUT ---        49 ;
 TRIANG

  INPUT ---    group=1 Psi B to A   rows=9 cols=9 Triang ;
  INPUT ---        50 51 52 53 54 55 56 57 58 ;
  INPUT ---        51 52 53 54 55 56 57 58 ;
  INPUT ---        52 53 54 55 56 57 58 ;
  INPUT ---        53 54 55 56 57 58 ;
  INPUT ---        54 55 56 57 58 ;
  INPUT ---        55 56 57 58 ;
  INPUT ---        56 57 58 ;
  INPUT ---        57 58 ;

  Program  MARK  - Survival Rate Estimation with Capture-Recapture Data
   Compaq(Win32) Vers. 6.1 Feb 2011     26-Dec-2013 01:47:57    Page  005
 - - - - - - - - - - - - - - - - - - - - - - - - - - - - - - - - - - - - - -
 
  INPUT ---        58 ;
 TRIANG

  INPUT ---    group=1 Psi B to C   rows=9 cols=9 Triang ;
  INPUT ---        59 60 61 62 63 64 65 66 67 ;
  INPUT ---        60 61 62 63 64 65 66 67 ;
  INPUT ---        61 62 63 64 65 66 67 ;
  INPUT ---        62 63 64 65 66 67 ;
  INPUT ---        63 64 65 66 67 ;
  INPUT ---        64 65 66 67 ;
  INPUT ---        65 66 67 ;
  INPUT ---        66 67 ;
  INPUT ---        67 ;
 TRIANG

  INPUT ---    group=1 Psi B to M   rows=9 cols=9 Triang ;
  INPUT ---        68 69 70 71 72 73 74 75 76 ;
  INPUT ---        69 70 71 72 73 74 75 76 ;
  INPUT ---        70 71 72 73 74 75 76 ;
  INPUT ---        71 72 73 74 75 76 ;
  INPUT ---        72 73 74 75 76 ;
  INPUT ---        73 74 75 76 ;
  INPUT ---        74 75 76 ;
  INPUT ---        75 76 ;
  INPUT ---        76 ;
 TRIANG

  INPUT ---    group=1 Psi C to A   rows=9 cols=9 Triang ;
  INPUT ---        77 78 79 80 81 82 83 84 85 ;
  INPUT ---        78 79 80 81 82 83 84 85 ;
  INPUT ---        79 80 81 82 83 84 85 ;
  INPUT ---        80 81 82 83 84 85 ;
  INPUT ---        81 82 83 84 85 ;
  INPUT ---        82 83 84 85 ;
  INPUT ---        83 84 85 ;
  INPUT ---        84 85 ;
  INPUT ---        85 ;
 TRIANG

  INPUT ---    group=1 Psi C to B   rows=9 cols=9 Triang ;
  INPUT ---        86 87 88 89 90 91 92 93 94 ;
  INPUT ---        87 88 89 90 91 92 93 94 ;
  INPUT ---        88 89 90 91 92 93 94 ;
  INPUT ---        89 90 91 92 93 94 ;
  INPUT ---        90 91 92 93 94 ;
  INPUT ---        91 92 93 94 ;
  INPUT ---        92 93 94 ;
  INPUT ---        93 94 ;
  INPUT ---        94 ;
 TRIANG


  Program  MARK  - Survival Rate Estimation with Capture-Recapture Data
   Compaq(Win32) Vers. 6.1 Feb 2011     26-Dec-2013 01:47:57    Page  006
 - - - - - - - - - - - - - - - - - - - - - - - - - - - - - - - - - - - - - -
 
  INPUT ---    group=1 Psi C to M   rows=9 cols=9 Triang ;
  INPUT ---        95 96 97 98 99 100 101 102 103 ;
  INPUT ---        96 97 98 99 100 101 102 103 ;
  INPUT ---        97 98 99 100 101 102 103 ;
  INPUT ---        98 99 100 101 102 103 ;
  INPUT ---        99 100 101 102 103 ;
  INPUT ---        100 101 102 103 ;
  INPUT ---        101 102 103 ;
  INPUT ---        102 103 ;
  INPUT ---        103 ;
 TRIANG

  INPUT ---    group=1 Psi M to A   rows=9 cols=9 Triang ;
  INPUT ---        104 105 106 107 108 109 110 111 112 ;
  INPUT ---        105 106 107 108 109 110 111 112 ;
  INPUT ---        106 107 108 109 110 111 112 ;
  INPUT ---        107 108 109 110 111 112 ;
  INPUT ---        108 109 110 111 112 ;
  INPUT ---        109 110 111 112 ;
  INPUT ---        110 111 112 ;
  INPUT ---        111 112 ;
  INPUT ---        112 ;
 TRIANG

  INPUT ---    group=1 Psi M to B   rows=9 cols=9 Triang ;
  INPUT ---        113 114 115 116 117 118 119 120 121 ;
  INPUT ---        114 115 116 117 118 119 120 121 ;
  INPUT ---        115 116 117 118 119 120 121 ;
  INPUT ---        116 117 118 119 120 121 ;
  INPUT ---        117 118 119 120 121 ;
  INPUT ---        118 119 120 121 ;
  INPUT ---        119 120 121 ;
  INPUT ---        120 121 ;
  INPUT ---        121 ;
 TRIANG

  INPUT ---    group=1 Psi M to C   rows=9 cols=9 Triang ;
  INPUT ---        122 123 124 125 126 127 128 129 130 ;
  INPUT ---        123 124 125 126 127 128 129 130 ;
  INPUT ---        124 125 126 127 128 129 130 ;
  INPUT ---        125 126 127 128 129 130 ;
  INPUT ---        126 127 128 129 130 ;
  INPUT ---        127 128 129 130 ;
  INPUT ---        128 129 130 ;
  INPUT ---        129 130 ;
  INPUT ---        130 ;

  INPUT ---    design matrix constraints=130 covariates=22;
  INPUT ---        1 0 0 0 1 0 0 0 0 0 0 0 0 0 0 0 0 0 0 0 0 0;

  Program  MARK  - Survival Rate Estimation with Capture-Recapture Data
   Compaq(Win32) Vers. 6.1 Feb 2011     26-Dec-2013 01:47:57    Page  007
 - - - - - - - - - - - - - - - - - - - - - - - - - - - - - - - - - - - - - -
 
  INPUT ---        1 0 0 0 2 0 0 0 0 0 0 0 0 0 0 0 0 0 0 0 0 0;
  INPUT ---        1 0 0 0 3 0 0 0 0 0 0 0 0 0 0 0 0 0 0 0 0 0;
  INPUT ---        1 0 0 0 4 0 0 0 0 0 0 0 0 0 0 0 0 0 0 0 0 0;
  INPUT ---        1 0 0 0 5 0 0 0 0 0 0 0 0 0 0 0 0 0 0 0 0 0;
  INPUT ---        0 1 0 0 1 1 0 0 0 0 0 0 0 0 0 0 0 0 0 0 0 0;
  INPUT ---        0 1 0 0 2 2 0 0 0 0 0 0 0 0 0 0 0 0 0 0 0 0;
  INPUT ---        0 1 0 0 3 3 0 0 0 0 0 0 0 0 0 0 0 0 0 0 0 0;
  INPUT ---        0 1 0 0 4 4 0 0 0 0 0 0 0 0 0 0 0 0 0 0 0 0;
  INPUT ---        0 1 0 0 5 5 0 0 0 0 0 0 0 0 0 0 0 0 0 0 0 0;
  INPUT ---        0 0 1 0 1 0 1 0 0 0 0 0 0 0 0 0 0 0 0 0 0 0;
  INPUT ---        0 0 1 0 2 0 2 0 0 0 0 0 0 0 0 0 0 0 0 0 0 0;
  INPUT ---        0 0 1 0 3 0 3 0 0 0 0 0 0 0 0 0 0 0 0 0 0 0;
  INPUT ---        0 0 1 0 4 0 4 0 0 0 0 0 0 0 0 0 0 0 0 0 0 0;
  INPUT ---        0 0 1 0 5 0 5 0 0 0 0 0 0 0 0 0 0 0 0 0 0 0;
  INPUT ---        0 0 0 1 1 0 0 1 0 0 0 0 0 0 0 0 0 0 0 0 0 0;
  INPUT ---        0 0 0 1 2 0 0 2 0 0 0 0 0 0 0 0 0 0 0 0 0 0;
  INPUT ---        0 0 0 1 3 0 0 3 0 0 0 0 0 0 0 0 0 0 0 0 0 0;
  INPUT ---        0 0 0 1 4 0 0 4 0 0 0 0 0 0 0 0 0 0 0 0 0 0;
  INPUT ---        0 0 0 1 5 0 0 5 0 0 0 0 0 0 0 0 0 0 0 0 0 0;
  INPUT ---        0 0 0 0 0 0 0 0 1 1 0 0 0 0 0 0 0 0 0 0 0 0;
  INPUT ---        0 0 0 0 0 0 0 0 1 2 0 0 0 0 0 0 0 0 0 0 0 0;
  INPUT ---        0 0 0 0 0 0 0 0 0 0 0 0 0 1 0 0 0 0 0 0 0 0;
  INPUT ---        0 0 0 0 0 0 0 0 0 0 0 0 0 1 0 0 0 0 0 0 0 0;
  INPUT ---        0 0 0 0 0 0 0 0 0 0 0 0 0 1 0 0 0 0 0 0 0 0;
  INPUT ---        0 0 0 0 0 0 0 0 0 0 0 0 0 1 0 0 0 0 0 0 0 0;
  INPUT ---        0 0 0 0 0 0 0 0 0 0 0 0 0 1 0 0 0 0 0 0 0 0;
  INPUT ---        0 0 0 0 0 0 0 0 0 0 0 0 0 1 0 0 0 0 0 0 0 0;
  INPUT ---        0 0 0 0 0 0 0 0 0 0 0 0 0 1 0 0 0 0 0 0 0 0;
  INPUT ---        0 0 0 0 0 0 0 0 0 0 0 0 0 1 0 0 0 0 0 0 0 0;
  INPUT ---        0 0 0 0 0 0 0 0 0 0 0 0 0 1 0 0 0 0 0 0 0 0;
  INPUT ---        0 0 0 0 0 0 0 0 0 0 0 0 0 0 0 0 1 0 0 0 0 0;
  INPUT ---        0 0 0 0 0 0 0 0 0 0 0 0 0 0 0 0 1 0 0 0 0 0;
  INPUT ---        0 0 0 0 0 0 0 0 0 0 0 0 0 0 0 0 1 0 0 0 0 0;
  INPUT ---        0 0 0 0 0 0 0 0 0 0 0 0 0 0 0 0 1 0 0 0 0 0;
  INPUT ---        0 0 0 0 0 0 0 0 0 0 0 0 0 0 0 0 1 0 0 0 0 0;
  INPUT ---        0 0 0 0 0 0 0 0 0 0 0 0 0 0 0 0 1 0 0 0 0 0;
  INPUT ---        0 0 0 0 0 0 0 0 0 0 0 0 0 0 0 0 1 0 0 0 0 0;
  INPUT ---        0 0 0 0 0 0 0 0 0 0 0 0 0 0 0 0 1 0 0 0 0 0;
  INPUT ---        0 0 0 0 0 0 0 0 0 0 0 0 0 0 0 0 1 0 0 0 0 0;
  INPUT ---        0 0 0 0 0 0 0 0 0 0 0 0 0 0 0 0 0 0 0 1 0 0;
  INPUT ---        0 0 0 0 0 0 0 0 0 0 0 0 0 0 0 0 0 0 0 1 0 0;
  INPUT ---        0 0 0 0 0 0 0 0 0 0 0 0 0 0 0 0 0 0 0 1 0 0;
  INPUT ---        0 0 0 0 0 0 0 0 0 0 0 0 0 0 0 0 0 0 0 1 0 0;
  INPUT ---        0 0 0 0 0 0 0 0 0 0 0 0 0 0 0 0 0 0 0 1 0 0;
  INPUT ---        0 0 0 0 0 0 0 0 0 0 0 0 0 0 0 0 0 0 0 1 0 0;
  INPUT ---        0 0 0 0 0 0 0 0 0 0 0 0 0 0 0 0 0 0 0 1 0 0;

  Program  MARK  - Survival Rate Estimation with Capture-Recapture Data
   Compaq(Win32) Vers. 6.1 Feb 2011     26-Dec-2013 01:47:57    Page  008
 - - - - - - - - - - - - - - - - - - - - - - - - - - - - - - - - - - - - - -
 
  INPUT ---        0 0 0 0 0 0 0 0 0 0 0 0 0 0 0 0 0 0 0 1 0 0;
  INPUT ---        0 0 0 0 0 0 0 0 0 0 0 0 0 0 0 0 0 0 0 1 0 0;
  INPUT ---        0 0 0 0 0 0 0 0 0 0 1 0 0 0 0 0 0 0 0 0 0 0;
  INPUT ---        0 0 0 0 0 0 0 0 0 0 1 0 0 0 0 0 0 0 0 0 0 0;
  INPUT ---        0 0 0 0 0 0 0 0 0 0 1 0 0 0 0 0 0 0 0 0 0 0;
  INPUT ---        0 0 0 0 0 0 0 0 0 0 1 0 0 0 0 0 0 0 0 0 0 0;
  INPUT ---        0 0 0 0 0 0 0 0 0 0 1 0 0 0 0 0 0 0 0 0 0 0;
  INPUT ---        0 0 0 0 0 0 0 0 0 0 1 0 0 0 0 0 0 0 0 0 0 0;
  INPUT ---        0 0 0 0 0 0 0 0 0 0 1 0 0 0 0 0 0 0 0 0 0 0;
  INPUT ---        0 0 0 0 0 0 0 0 0 0 1 0 0 0 0 0 0 0 0 0 0 0;
  INPUT ---        0 0 0 0 0 0 0 0 0 0 1 0 0 0 0 0 0 0 0 0 0 0;
  INPUT ---        0 0 0 0 0 0 0 0 0 0 0 0 0 0 0 0 0 1 0 0 0 0;
  INPUT ---        0 0 0 0 0 0 0 0 0 0 0 0 0 0 0 0 0 1 0 0 0 0;
  INPUT ---        0 0 0 0 0 0 0 0 0 0 0 0 0 0 0 0 0 1 0 0 0 0;
  INPUT ---        0 0 0 0 0 0 0 0 0 0 0 0 0 0 0 0 0 1 0 0 0 0;
  INPUT ---        0 0 0 0 0 0 0 0 0 0 0 0 0 0 0 0 0 1 0 0 0 0;
  INPUT ---        0 0 0 0 0 0 0 0 0 0 0 0 0 0 0 0 0 1 0 0 0 0;
  INPUT ---        0 0 0 0 0 0 0 0 0 0 0 0 0 0 0 0 0 1 0 0 0 0;
  INPUT ---        0 0 0 0 0 0 0 0 0 0 0 0 0 0 0 0 0 1 0 0 0 0;
  INPUT ---        0 0 0 0 0 0 0 0 0 0 0 0 0 0 0 0 0 1 0 0 0 0;
  INPUT ---        0 0 0 0 0 0 0 0 0 0 0 0 0 0 0 0 0 0 0 0 1 0;
  INPUT ---        0 0 0 0 0 0 0 0 0 0 0 0 0 0 0 0 0 0 0 0 1 0;
  INPUT ---        0 0 0 0 0 0 0 0 0 0 0 0 0 0 0 0 0 0 0 0 1 0;
  INPUT ---        0 0 0 0 0 0 0 0 0 0 0 0 0 0 0 0 0 0 0 0 1 0;
  INPUT ---        0 0 0 0 0 0 0 0 0 0 0 0 0 0 0 0 0 0 0 0 1 0;
  INPUT ---        0 0 0 0 0 0 0 0 0 0 0 0 0 0 0 0 0 0 0 0 1 0;
  INPUT ---        0 0 0 0 0 0 0 0 0 0 0 0 0 0 0 0 0 0 0 0 1 0;
  INPUT ---        0 0 0 0 0 0 0 0 0 0 0 0 0 0 0 0 0 0 0 0 1 0;
  INPUT ---        0 0 0 0 0 0 0 0 0 0 0 0 0 0 0 0 0 0 0 0 1 0;
  INPUT ---        0 0 0 0 0 0 0 0 0 0 0 1 0 0 0 0 0 0 0 0 0 0;
  INPUT ---        0 0 0 0 0 0 0 0 0 0 0 1 0 0 0 0 0 0 0 0 0 0;
  INPUT ---        0 0 0 0 0 0 0 0 0 0 0 1 0 0 0 0 0 0 0 0 0 0;
  INPUT ---        0 0 0 0 0 0 0 0 0 0 0 1 0 0 0 0 0 0 0 0 0 0;
  INPUT ---        0 0 0 0 0 0 0 0 0 0 0 1 0 0 0 0 0 0 0 0 0 0;
  INPUT ---        0 0 0 0 0 0 0 0 0 0 0 1 0 0 0 0 0 0 0 0 0 0;
  INPUT ---        0 0 0 0 0 0 0 0 0 0 0 1 0 0 0 0 0 0 0 0 0 0;
  INPUT ---        0 0 0 0 0 0 0 0 0 0 0 1 0 0 0 0 0 0 0 0 0 0;
  INPUT ---        0 0 0 0 0 0 0 0 0 0 0 1 0 0 0 0 0 0 0 0 0 0;
  INPUT ---        0 0 0 0 0 0 0 0 0 0 0 0 0 0 1 0 0 0 0 0 0 0;
  INPUT ---        0 0 0 0 0 0 0 0 0 0 0 0 0 0 1 0 0 0 0 0 0 0;
  INPUT ---        0 0 0 0 0 0 0 0 0 0 0 0 0 0 1 0 0 0 0 0 0 0;
  INPUT ---        0 0 0 0 0 0 0 0 0 0 0 0 0 0 1 0 0 0 0 0 0 0;
  INPUT ---        0 0 0 0 0 0 0 0 0 0 0 0 0 0 1 0 0 0 0 0 0 0;
  INPUT ---        0 0 0 0 0 0 0 0 0 0 0 0 0 0 1 0 0 0 0 0 0 0;
  INPUT ---        0 0 0 0 0 0 0 0 0 0 0 0 0 0 1 0 0 0 0 0 0 0;
  INPUT ---        0 0 0 0 0 0 0 0 0 0 0 0 0 0 1 0 0 0 0 0 0 0;

  Program  MARK  - Survival Rate Estimation with Capture-Recapture Data
   Compaq(Win32) Vers. 6.1 Feb 2011     26-Dec-2013 01:47:57    Page  009
 - - - - - - - - - - - - - - - - - - - - - - - - - - - - - - - - - - - - - -
 
  INPUT ---        0 0 0 0 0 0 0 0 0 0 0 0 0 0 1 0 0 0 0 0 0 0;
  INPUT ---        0 0 0 0 0 0 0 0 0 0 0 0 0 0 0 0 0 0 0 0 0 1;
  INPUT ---        0 0 0 0 0 0 0 0 0 0 0 0 0 0 0 0 0 0 0 0 0 1;
  INPUT ---        0 0 0 0 0 0 0 0 0 0 0 0 0 0 0 0 0 0 0 0 0 1;
  INPUT ---        0 0 0 0 0 0 0 0 0 0 0 0 0 0 0 0 0 0 0 0 0 1;
  INPUT ---        0 0 0 0 0 0 0 0 0 0 0 0 0 0 0 0 0 0 0 0 0 1;
  INPUT ---        0 0 0 0 0 0 0 0 0 0 0 0 0 0 0 0 0 0 0 0 0 1;
  INPUT ---        0 0 0 0 0 0 0 0 0 0 0 0 0 0 0 0 0 0 0 0 0 1;
  INPUT ---        0 0 0 0 0 0 0 0 0 0 0 0 0 0 0 0 0 0 0 0 0 1;
  INPUT ---        0 0 0 0 0 0 0 0 0 0 0 0 0 0 0 0 0 0 0 0 0 1;
  INPUT ---        0 0 0 0 0 0 0 0 0 0 0 0 1 0 0 0 0 0 0 0 0 0;
  INPUT ---        0 0 0 0 0 0 0 0 0 0 0 0 1 0 0 0 0 0 0 0 0 0;
  INPUT ---        0 0 0 0 0 0 0 0 0 0 0 0 1 0 0 0 0 0 0 0 0 0;
  INPUT ---        0 0 0 0 0 0 0 0 0 0 0 0 1 0 0 0 0 0 0 0 0 0;
  INPUT ---        0 0 0 0 0 0 0 0 0 0 0 0 1 0 0 0 0 0 0 0 0 0;
  INPUT ---        0 0 0 0 0 0 0 0 0 0 0 0 1 0 0 0 0 0 0 0 0 0;
  INPUT ---        0 0 0 0 0 0 0 0 0 0 0 0 1 0 0 0 0 0 0 0 0 0;
  INPUT ---        0 0 0 0 0 0 0 0 0 0 0 0 1 0 0 0 0 0 0 0 0 0;
  INPUT ---        0 0 0 0 0 0 0 0 0 0 0 0 1 0 0 0 0 0 0 0 0 0;
  INPUT ---        0 0 0 0 0 0 0 0 0 0 0 0 0 0 0 1 0 0 0 0 0 0;
  INPUT ---        0 0 0 0 0 0 0 0 0 0 0 0 0 0 0 1 0 0 0 0 0 0;
  INPUT ---        0 0 0 0 0 0 0 0 0 0 0 0 0 0 0 1 0 0 0 0 0 0;
  INPUT ---        0 0 0 0 0 0 0 0 0 0 0 0 0 0 0 1 0 0 0 0 0 0;
  INPUT ---        0 0 0 0 0 0 0 0 0 0 0 0 0 0 0 1 0 0 0 0 0 0;
  INPUT ---        0 0 0 0 0 0 0 0 0 0 0 0 0 0 0 1 0 0 0 0 0 0;
  INPUT ---        0 0 0 0 0 0 0 0 0 0 0 0 0 0 0 1 0 0 0 0 0 0;
  INPUT ---        0 0 0 0 0 0 0 0 0 0 0 0 0 0 0 1 0 0 0 0 0 0;
  INPUT ---        0 0 0 0 0 0 0 0 0 0 0 0 0 0 0 1 0 0 0 0 0 0;
  INPUT ---        0 0 0 0 0 0 0 0 0 0 0 0 0 0 0 0 0 0 1 0 0 0;
  INPUT ---        0 0 0 0 0 0 0 0 0 0 0 0 0 0 0 0 0 0 1 0 0 0;
  INPUT ---        0 0 0 0 0 0 0 0 0 0 0 0 0 0 0 0 0 0 1 0 0 0;
  INPUT ---        0 0 0 0 0 0 0 0 0 0 0 0 0 0 0 0 0 0 1 0 0 0;
  INPUT ---        0 0 0 0 0 0 0 0 0 0 0 0 0 0 0 0 0 0 1 0 0 0;
  INPUT ---        0 0 0 0 0 0 0 0 0 0 0 0 0 0 0 0 0 0 1 0 0 0;
  INPUT ---        0 0 0 0 0 0 0 0 0 0 0 0 0 0 0 0 0 0 1 0 0 0;
  INPUT ---        0 0 0 0 0 0 0 0 0 0 0 0 0 0 0 0 0 0 1 0 0 0;
  INPUT ---        0 0 0 0 0 0 0 0 0 0 0 0 0 0 0 0 0 0 1 0 0 0;

  INPUT ---    links=130;

  INPUT ---    Logit;

  INPUT ---    Logit;

  INPUT ---    Logit;


  Program  MARK  - Survival Rate Estimation with Capture-Recapture Data
   Compaq(Win32) Vers. 6.1 Feb 2011     26-Dec-2013 01:47:57    Page  010
 - - - - - - - - - - - - - - - - - - - - - - - - - - - - - - - - - - - - - -
 
  INPUT ---    Logit;

  INPUT ---    Logit;

  INPUT ---    Logit;

  INPUT ---    Logit;

  INPUT ---    Logit;

  INPUT ---    Logit;

  INPUT ---    Logit;

  INPUT ---    Logit;

  INPUT ---    Logit;

  INPUT ---    Logit;

  INPUT ---    Logit;

  INPUT ---    Logit;

  INPUT ---    Logit;

  INPUT ---    Logit;

  INPUT ---    Logit;

  INPUT ---    Logit;

  INPUT ---    Logit;

  INPUT ---    Logit;

  INPUT ---    Logit;

  INPUT ---    mlogit(1);

  INPUT ---    mlogit(2);

  INPUT ---    mlogit(3);

  INPUT ---    mlogit(4);


  Program  MARK  - Survival Rate Estimation with Capture-Recapture Data
   Compaq(Win32) Vers. 6.1 Feb 2011     26-Dec-2013 01:47:57    Page  011
 - - - - - - - - - - - - - - - - - - - - - - - - - - - - - - - - - - - - - -
 
  INPUT ---    mlogit(5);

  INPUT ---    mlogit(6);

  INPUT ---    mlogit(7);

  INPUT ---    mlogit(8);

  INPUT ---    mlogit(9);

  INPUT ---    mlogit(1);

  INPUT ---    mlogit(2);

  INPUT ---    mlogit(3);

  INPUT ---    mlogit(4);

  INPUT ---    mlogit(5);

  INPUT ---    mlogit(6);

  INPUT ---    mlogit(7);

  INPUT ---    mlogit(8);

  INPUT ---    mlogit(9);

  INPUT ---    mlogit(1);

  INPUT ---    mlogit(2);

  INPUT ---    mlogit(3);

  INPUT ---    mlogit(4);

  INPUT ---    mlogit(5);

  INPUT ---    mlogit(6);

  INPUT ---    mlogit(7);

  INPUT ---    mlogit(8);

  INPUT ---    mlogit(9);


  Program  MARK  - Survival Rate Estimation with Capture-Recapture Data
   Compaq(Win32) Vers. 6.1 Feb 2011     26-Dec-2013 01:47:57    Page  012
 - - - - - - - - - - - - - - - - - - - - - - - - - - - - - - - - - - - - - -
 
  INPUT ---    mlogit(10);

  INPUT ---    mlogit(11);

  INPUT ---    mlogit(12);

  INPUT ---    mlogit(13);

  INPUT ---    mlogit(14);

  INPUT ---    mlogit(15);

  INPUT ---    mlogit(16);

  INPUT ---    mlogit(17);

  INPUT ---    mlogit(18);

  INPUT ---    mlogit(10);

  INPUT ---    mlogit(11);

  INPUT ---    mlogit(12);

  INPUT ---    mlogit(13);

  INPUT ---    mlogit(14);

  INPUT ---    mlogit(15);

  INPUT ---    mlogit(16);

  INPUT ---    mlogit(17);

  INPUT ---    mlogit(18);

  INPUT ---    mlogit(10);

  INPUT ---    mlogit(11);

  INPUT ---    mlogit(12);

  INPUT ---    mlogit(13);

  INPUT ---    mlogit(14);


  Program  MARK  - Survival Rate Estimation with Capture-Recapture Data
   Compaq(Win32) Vers. 6.1 Feb 2011     26-Dec-2013 01:47:57    Page  013
 - - - - - - - - - - - - - - - - - - - - - - - - - - - - - - - - - - - - - -
 
  INPUT ---    mlogit(15);

  INPUT ---    mlogit(16);

  INPUT ---    mlogit(17);

  INPUT ---    mlogit(18);

  INPUT ---    mlogit(19);

  INPUT ---    mlogit(20);

  INPUT ---    mlogit(21);

  INPUT ---    mlogit(22);

  INPUT ---    mlogit(23);

  INPUT ---    mlogit(24);

  INPUT ---    mlogit(25);

  INPUT ---    mlogit(26);

  INPUT ---    mlogit(27);

  INPUT ---    mlogit(19);

  INPUT ---    mlogit(20);

  INPUT ---    mlogit(21);

  INPUT ---    mlogit(22);

  INPUT ---    mlogit(23);

  INPUT ---    mlogit(24);

  INPUT ---    mlogit(25);

  INPUT ---    mlogit(26);

  INPUT ---    mlogit(27);

  INPUT ---    mlogit(19);


  Program  MARK  - Survival Rate Estimation with Capture-Recapture Data
   Compaq(Win32) Vers. 6.1 Feb 2011     26-Dec-2013 01:47:57    Page  014
 - - - - - - - - - - - - - - - - - - - - - - - - - - - - - - - - - - - - - -
 
  INPUT ---    mlogit(20);

  INPUT ---    mlogit(21);

  INPUT ---    mlogit(22);

  INPUT ---    mlogit(23);

  INPUT ---    mlogit(24);

  INPUT ---    mlogit(25);

  INPUT ---    mlogit(26);

  INPUT ---    mlogit(27);

  INPUT ---    mlogit(28);

  INPUT ---    mlogit(29);

  INPUT ---    mlogit(30);

  INPUT ---    mlogit(31);

  INPUT ---    mlogit(32);

  INPUT ---    mlogit(33);

  INPUT ---    mlogit(34);

  INPUT ---    mlogit(35);

  INPUT ---    mlogit(36);

  INPUT ---    mlogit(28);

  INPUT ---    mlogit(29);

  INPUT ---    mlogit(30);

  INPUT ---    mlogit(31);

  INPUT ---    mlogit(32);

  INPUT ---    mlogit(33);


  Program  MARK  - Survival Rate Estimation with Capture-Recapture Data
   Compaq(Win32) Vers. 6.1 Feb 2011     26-Dec-2013 01:47:57    Page  015
 - - - - - - - - - - - - - - - - - - - - - - - - - - - - - - - - - - - - - -
 
  INPUT ---    mlogit(34);

  INPUT ---    mlogit(35);

  INPUT ---    mlogit(36);

  INPUT ---    mlogit(28);

  INPUT ---    mlogit(29);

  INPUT ---    mlogit(30);

  INPUT ---    mlogit(31);

  INPUT ---    mlogit(32);

  INPUT ---    mlogit(33);

  INPUT ---    mlogit(34);

  INPUT ---    mlogit(35);

  INPUT ---    mlogit(36);

  INPUT ---    blabel(1)=S:stratumA;

  INPUT ---    blabel(2)=S:stratumB;

  INPUT ---    blabel(3)=S:stratumC;

  INPUT ---    blabel(4)=S:stratumM;

  INPUT ---    blabel(5)=S:year;

  INPUT ---    blabel(6)=S:stratumB:year;

  INPUT ---    blabel(7)=S:stratumC:year;

  INPUT ---    blabel(8)=S:stratumM:year;

  INPUT ---    blabel(9)=p:(Intercept);

  INPUT ---    blabel(10)=p:season;

  INPUT ---    blabel(11)=Psi:stratumB:tostratumA;


  Program  MARK  - Survival Rate Estimation with Capture-Recapture Data
   Compaq(Win32) Vers. 6.1 Feb 2011     26-Dec-2013 01:47:57    Page  016
 - - - - - - - - - - - - - - - - - - - - - - - - - - - - - - - - - - - - - -
 
  INPUT ---    blabel(12)=Psi:stratumC:tostratumA;

  INPUT ---    blabel(13)=Psi:stratumM:tostratumA;

  INPUT ---    blabel(14)=Psi:stratumA:tostratumB;

  INPUT ---    blabel(15)=Psi:stratumC:tostratumB;

  INPUT ---    blabel(16)=Psi:stratumM:tostratumB;

  INPUT ---    blabel(17)=Psi:stratumA:tostratumC;

  INPUT ---    blabel(18)=Psi:stratumB:tostratumC;

  INPUT ---    blabel(19)=Psi:stratumM:tostratumC;

  INPUT ---    blabel(20)=Psi:stratumA:tostratumM;

  INPUT ---    blabel(21)=Psi:stratumB:tostratumM;

  INPUT ---    blabel(22)=Psi:stratumC:tostratumM;

  INPUT ---    rlabel(1)=S sA g1 c1 c1 a0 o1 t1;

  INPUT ---    rlabel(2)=S sA g1 c1 c1 a1 o2 t2;

  INPUT ---    rlabel(3)=S sA g1 c1 c1 a3 o4 t4;

  INPUT ---    rlabel(4)=S sA g1 c1 c1 a5 o6 t6;

  INPUT ---    rlabel(5)=S sA g1 c1 c1 a7 o8 t8;

  INPUT ---    rlabel(6)=S sB g1 c1 c1 a0 o1 t1;

  INPUT ---    rlabel(7)=S sB g1 c1 c1 a1 o2 t2;

  INPUT ---    rlabel(8)=S sB g1 c1 c1 a3 o4 t4;

  INPUT ---    rlabel(9)=S sB g1 c1 c1 a5 o6 t6;

  INPUT ---    rlabel(10)=S sB g1 c1 c1 a7 o8 t8;

  INPUT ---    rlabel(11)=S sC g1 c1 c1 a0 o1 t1;

  INPUT ---    rlabel(12)=S sC g1 c1 c1 a1 o2 t2;


  Program  MARK  - Survival Rate Estimation with Capture-Recapture Data
   Compaq(Win32) Vers. 6.1 Feb 2011     26-Dec-2013 01:47:57    Page  017
 - - - - - - - - - - - - - - - - - - - - - - - - - - - - - - - - - - - - - -
 
  INPUT ---    rlabel(13)=S sC g1 c1 c1 a3 o4 t4;

  INPUT ---    rlabel(14)=S sC g1 c1 c1 a5 o6 t6;

  INPUT ---    rlabel(15)=S sC g1 c1 c1 a7 o8 t8;

  INPUT ---    rlabel(16)=S sM g1 c1 c1 a0 o1 t1;

  INPUT ---    rlabel(17)=S sM g1 c1 c1 a1 o2 t2;

  INPUT ---    rlabel(18)=S sM g1 c1 c1 a3 o4 t4;

  INPUT ---    rlabel(19)=S sM g1 c1 c1 a5 o6 t6;

  INPUT ---    rlabel(20)=S sM g1 c1 c1 a7 o8 t8;

  INPUT ---    rlabel(21)=p sA g1 c1 c1 a1 o1 t2;

  INPUT ---    rlabel(22)=p sA g1 c1 c1 a2 o2 t3;

  INPUT ---    rlabel(23)=Psi sA toB g1 t1;

  INPUT ---    rlabel(24)=Psi sA toB g1 t2;

  INPUT ---    rlabel(25)=Psi sA toB g1 t3;

  INPUT ---    rlabel(26)=Psi sA toB g1 t4;

  INPUT ---    rlabel(27)=Psi sA toB g1 t5;

  INPUT ---    rlabel(28)=Psi sA toB g1 t6;

  INPUT ---    rlabel(29)=Psi sA toB g1 t7;

  INPUT ---    rlabel(30)=Psi sA toB g1 t8;

  INPUT ---    rlabel(31)=Psi sA toB g1 t9;

  INPUT ---    rlabel(32)=Psi sA toC g1 t1;

  INPUT ---    rlabel(33)=Psi sA toC g1 t2;

  INPUT ---    rlabel(34)=Psi sA toC g1 t3;

  INPUT ---    rlabel(35)=Psi sA toC g1 t4;


  Program  MARK  - Survival Rate Estimation with Capture-Recapture Data
   Compaq(Win32) Vers. 6.1 Feb 2011     26-Dec-2013 01:47:57    Page  018
 - - - - - - - - - - - - - - - - - - - - - - - - - - - - - - - - - - - - - -
 
  INPUT ---    rlabel(36)=Psi sA toC g1 t5;

  INPUT ---    rlabel(37)=Psi sA toC g1 t6;

  INPUT ---    rlabel(38)=Psi sA toC g1 t7;

  INPUT ---    rlabel(39)=Psi sA toC g1 t8;

  INPUT ---    rlabel(40)=Psi sA toC g1 t9;

  INPUT ---    rlabel(41)=Psi sA toM g1 t1;

  INPUT ---    rlabel(42)=Psi sA toM g1 t2;

  INPUT ---    rlabel(43)=Psi sA toM g1 t3;

  INPUT ---    rlabel(44)=Psi sA toM g1 t4;

  INPUT ---    rlabel(45)=Psi sA toM g1 t5;

  INPUT ---    rlabel(46)=Psi sA toM g1 t6;

  INPUT ---    rlabel(47)=Psi sA toM g1 t7;

  INPUT ---    rlabel(48)=Psi sA toM g1 t8;

  INPUT ---    rlabel(49)=Psi sA toM g1 t9;

  INPUT ---    rlabel(50)=Psi sB toA g1 t1;

  INPUT ---    rlabel(51)=Psi sB toA g1 t2;

  INPUT ---    rlabel(52)=Psi sB toA g1 t3;

  INPUT ---    rlabel(53)=Psi sB toA g1 t4;

  INPUT ---    rlabel(54)=Psi sB toA g1 t5;

  INPUT ---    rlabel(55)=Psi sB toA g1 t6;

  INPUT ---    rlabel(56)=Psi sB toA g1 t7;

  INPUT ---    rlabel(57)=Psi sB toA g1 t8;

  INPUT ---    rlabel(58)=Psi sB toA g1 t9;


  Program  MARK  - Survival Rate Estimation with Capture-Recapture Data
   Compaq(Win32) Vers. 6.1 Feb 2011     26-Dec-2013 01:47:57    Page  019
 - - - - - - - - - - - - - - - - - - - - - - - - - - - - - - - - - - - - - -
 
  INPUT ---    rlabel(59)=Psi sB toC g1 t1;

  INPUT ---    rlabel(60)=Psi sB toC g1 t2;

  INPUT ---    rlabel(61)=Psi sB toC g1 t3;

  INPUT ---    rlabel(62)=Psi sB toC g1 t4;

  INPUT ---    rlabel(63)=Psi sB toC g1 t5;

  INPUT ---    rlabel(64)=Psi sB toC g1 t6;

  INPUT ---    rlabel(65)=Psi sB toC g1 t7;

  INPUT ---    rlabel(66)=Psi sB toC g1 t8;

  INPUT ---    rlabel(67)=Psi sB toC g1 t9;

  INPUT ---    rlabel(68)=Psi sB toM g1 t1;

  INPUT ---    rlabel(69)=Psi sB toM g1 t2;

  INPUT ---    rlabel(70)=Psi sB toM g1 t3;

  INPUT ---    rlabel(71)=Psi sB toM g1 t4;

  INPUT ---    rlabel(72)=Psi sB toM g1 t5;

  INPUT ---    rlabel(73)=Psi sB toM g1 t6;

  INPUT ---    rlabel(74)=Psi sB toM g1 t7;

  INPUT ---    rlabel(75)=Psi sB toM g1 t8;

  INPUT ---    rlabel(76)=Psi sB toM g1 t9;

  INPUT ---    rlabel(77)=Psi sC toA g1 t1;

  INPUT ---    rlabel(78)=Psi sC toA g1 t2;

  INPUT ---    rlabel(79)=Psi sC toA g1 t3;

  INPUT ---    rlabel(80)=Psi sC toA g1 t4;

  INPUT ---    rlabel(81)=Psi sC toA g1 t5;


  Program  MARK  - Survival Rate Estimation with Capture-Recapture Data
   Compaq(Win32) Vers. 6.1 Feb 2011     26-Dec-2013 01:47:57    Page  020
 - - - - - - - - - - - - - - - - - - - - - - - - - - - - - - - - - - - - - -
 
  INPUT ---    rlabel(82)=Psi sC toA g1 t6;

  INPUT ---    rlabel(83)=Psi sC toA g1 t7;

  INPUT ---    rlabel(84)=Psi sC toA g1 t8;

  INPUT ---    rlabel(85)=Psi sC toA g1 t9;

  INPUT ---    rlabel(86)=Psi sC toB g1 t1;

  INPUT ---    rlabel(87)=Psi sC toB g1 t2;

  INPUT ---    rlabel(88)=Psi sC toB g1 t3;

  INPUT ---    rlabel(89)=Psi sC toB g1 t4;

  INPUT ---    rlabel(90)=Psi sC toB g1 t5;

  INPUT ---    rlabel(91)=Psi sC toB g1 t6;

  INPUT ---    rlabel(92)=Psi sC toB g1 t7;

  INPUT ---    rlabel(93)=Psi sC toB g1 t8;

  INPUT ---    rlabel(94)=Psi sC toB g1 t9;

  INPUT ---    rlabel(95)=Psi sC toM g1 t1;

  INPUT ---    rlabel(96)=Psi sC toM g1 t2;

  INPUT ---    rlabel(97)=Psi sC toM g1 t3;

  INPUT ---    rlabel(98)=Psi sC toM g1 t4;

  INPUT ---    rlabel(99)=Psi sC toM g1 t5;

  INPUT ---    rlabel(100)=Psi sC toM g1 t6;

  INPUT ---    rlabel(101)=Psi sC toM g1 t7;

  INPUT ---    rlabel(102)=Psi sC toM g1 t8;

  INPUT ---    rlabel(103)=Psi sC toM g1 t9;

  INPUT ---    rlabel(104)=Psi sM toA g1 t1;


  Program  MARK  - Survival Rate Estimation with Capture-Recapture Data
   Compaq(Win32) Vers. 6.1 Feb 2011     26-Dec-2013 01:47:57    Page  021
 - - - - - - - - - - - - - - - - - - - - - - - - - - - - - - - - - - - - - -
 
  INPUT ---    rlabel(105)=Psi sM toA g1 t2;

  INPUT ---    rlabel(106)=Psi sM toA g1 t3;

  INPUT ---    rlabel(107)=Psi sM toA g1 t4;

  INPUT ---    rlabel(108)=Psi sM toA g1 t5;

  INPUT ---    rlabel(109)=Psi sM toA g1 t6;

  INPUT ---    rlabel(110)=Psi sM toA g1 t7;

  INPUT ---    rlabel(111)=Psi sM toA g1 t8;

  INPUT ---    rlabel(112)=Psi sM toA g1 t9;

  INPUT ---    rlabel(113)=Psi sM toB g1 t1;

  INPUT ---    rlabel(114)=Psi sM toB g1 t2;

  INPUT ---    rlabel(115)=Psi sM toB g1 t3;

  INPUT ---    rlabel(116)=Psi sM toB g1 t4;

  INPUT ---    rlabel(117)=Psi sM toB g1 t5;

  INPUT ---    rlabel(118)=Psi sM toB g1 t6;

  INPUT ---    rlabel(119)=Psi sM toB g1 t7;

  INPUT ---    rlabel(120)=Psi sM toB g1 t8;

  INPUT ---    rlabel(121)=Psi sM toB g1 t9;

  INPUT ---    rlabel(122)=Psi sM toC g1 t1;

  INPUT ---    rlabel(123)=Psi sM toC g1 t2;

  INPUT ---    rlabel(124)=Psi sM toC g1 t3;

  INPUT ---    rlabel(125)=Psi sM toC g1 t4;

  INPUT ---    rlabel(126)=Psi sM toC g1 t5;

  INPUT ---    rlabel(127)=Psi sM toC g1 t6;


  Program  MARK  - Survival Rate Estimation with Capture-Recapture Data
   Compaq(Win32) Vers. 6.1 Feb 2011     26-Dec-2013 01:47:57    Page  022
 - - - - - - - - - - - - - - - - - - - - - - - - - - - - - - - - - - - - - -
 
  INPUT ---    rlabel(128)=Psi sM toC g1 t7;

  INPUT ---    rlabel(129)=Psi sM toC g1 t8;

  INPUT ---    rlabel(130)=Psi sM toC g1 t9;

 Link Function Used is PARM-SPECIFIC

 Variance Estimation Procedure Used is 2ndPart 
 -2logL(saturated) = 512.57286     
 Effective Sample Size = 226

 Number of function evaluations was 122 for 22 parameters.
 Time for numerical optimization was 1.75 seconds.
 -2logL { S(~-1 + stratum * year)p(~season)Psi(~-1 + stratum:tostratum) } = 756.78470     
 Penalty { S(~-1 + stratum * year)p(~season)Psi(~-1 + stratum:tostratum) } = 0.0000000     
 Gradient { S(~-1 + stratum * year)p(~season)Psi(~-1 + stratum:tostratum) }:
 -0.3376725E-05-0.3728869E-05-0.2940621E-04 0.6818376E-04 0.8568666E-06
 -0.2460241E-05-0.1674677E-04 0.3535970E-04-0.7961456E-04-0.2769078E-04
   0.000000      0.000000    -0.3884417E-04  0.000000     0.4302103E-05
 -0.8569802E-04  0.000000      0.000000     0.1317158E-03-0.3475652E-05
   0.000000    -0.5112480E-05
 S Vector { S(~-1 + stratum * year)p(~season)Psi(~-1 + stratum:tostratum) }:
   122.3743      22.86456      16.64214      7.455691      3.689323    
   1.219601     0.4638633     0.1649734     0.3633690E-01 0.1735840E-02
  0.5361776E-03 0.5014303E-05 0.3623547E-05 0.2410646E-05 0.1452677E-05
  0.7694949E-06 0.5837807E-07 0.2188262E-07 0.8611315E-09 0.7504947E-09
  0.2094095E-09 0.1010371E-09
 Time to compute number of parameters was 0.50 seconds.
   Threshold =  0.4600000E-06     Condition index =  0.8256401E-12
 Conditioned S Vector { S(~-1 + stratum * year)p(~season)Psi(~-1 + stratum:tostratum) }:
   1.000000     0.1868412     0.1359938     0.6092530E-01 0.3014786E-01
  0.9966156E-02 0.3790529E-02 0.1348105E-02 0.2969324E-03 0.1418468E-04
  0.4381456E-05 0.4097514E-07 0.2961036E-07 0.1969896E-07 0.1187077E-07
  0.6288043E-08 0.4770452E-09 0.1788171E-09 0.7036866E-11 0.6132781E-11
  0.1711222E-11 0.8256401E-12
 Number of Estimated Parameters { S(~-1 + stratum * year)p(~season)Psi(~-1 + stratum:tostratum) } = 11          
 DEVIANCE { S(~-1 + stratum * year)p(~season)Psi(~-1 + stratum:tostratum) } = 244.21184                     
 DEVIANCE Degrees of Freedom { S(~-1 + stratum * year)p(~season)Psi(~-1 + stratum:tostratum) } = 38            
 c-hat { S(~-1 + stratum * year)p(~season)Psi(~-1 + stratum:tostratum) } = 6.4266273                     
 AIC { S(~-1 + stratum * year)p(~season)Psi(~-1 + stratum:tostratum) } = 778.78470                  
 AICc { S(~-1 + stratum * year)p(~season)Psi(~-1 + stratum:tostratum) } = 780.01834                    
 BIC { S(~-1 + stratum * year)p(~season)Psi(~-1 + stratum:tostratum) } = 816.41058                    
 Pearson Chisquare { S(~-1 + stratum * year)p(~season)Psi(~-1 + stratum:tostratum) } = 2176.4878                  


 PARM-SPECIFIC Link Function Parameters of { S(~-1 + stratum * year)p(~season)Psi(~-1 + stratum:tostratum) }
                                                              95% Confidence Interval
 Parameter                    Beta         Standard Error      Lower           Upper
 -------------------------  --------------  --------------  --------------  --------------
    1:S:stratumA            9.1003339       16.942176       -24.106331      42.306999     
    2:S:stratumB            63.025411       0.0000000       63.025411       63.025411     
    3:S:stratumC            11.758074       18.761399       -25.014268      48.530416     
    4:S:stratumM            1.0008314       1.2444167       -1.4382253      3.4398881     
    5:S:year                -2.4535480      4.1659157       -10.618743      5.7116469     
    6:S:stratumB:year       -12.738697      0.0000000       -12.738697      -12.738697    

  Program  MARK  - Survival Rate Estimation with Capture-Recapture Data
   Compaq(Win32) Vers. 6.1 Feb 2011     26-Dec-2013 01:48:00    Page  023
 - - - - - - - - - - - - - - - - - - - - - - - - - - - - - - - - - - - - - -
 
    7:S:stratumC:year       0.4788583       5.5561970       -10.411288      11.369005     
    8:S:stratumM:year       2.6936372       4.1385136       -5.4178496      10.805124     
    9:p:(Intercept)         -0.9991516      0.3905506       -1.7646307      -0.2336724    
   10:p:season              0.1158376       0.2353934       -0.3455334      0.5772086     
   11:Psi:stratumB:tostrat  -46.561029      0.0000000       -46.561029      -46.561029    
   12:Psi:stratumC:tostrat  7.7628654       5828.4979       -11416.093      11431.619     
   13:Psi:stratumM:tostrat  17.438473       0.0000000       17.438473       17.438473     
   14:Psi:stratumA:tostrat  -1.4451211      727.85257       -1428.0362      1425.1459     
   15:Psi:stratumC:tostrat  14.855524       3787.5684       -7408.7786      7438.4897     
   16:Psi:stratumM:tostrat  17.307056       0.0000000       17.307056       17.307056     
   17:Psi:stratumA:tostrat  -22.453881      0.1320241E-011  -22.453881      -22.453881    
   18:Psi:stratumB:tostrat  -24.123240      0.2484303E-012  -24.123240      -24.123240    
   19:Psi:stratumM:tostrat  19.455997       0.0000000       19.455997       19.455997     
   20:Psi:stratumA:tostrat  15.354750       769.77751       -1493.4092      1524.1187     
   21:Psi:stratumB:tostrat  67.471363       0.0000000       67.471363       67.471363     
   22:Psi:stratumC:tostrat  32.355685       3831.0443       -7476.4913      7541.2027     


 Real Function Parameters of { S(~-1 + stratum * year)p(~season)Psi(~-1 + stratum:tostratum) }
                                                              95% Confidence Interval
 Parameter                  Estimate       Standard Error      Lower           Upper
 -------------------------  --------------  --------------  --------------  --------------
    1:S sA g1 c1 c1 a0 o1   0.9987035       0.0165669       0.9898901E-008  1.0000000                           
    2:S sA g1 c1 c1 a1 o2   0.9851272       0.1269547       0.2788512E-005  1.0000000                           
    3:S sA g1 c1 c1 a3 o4   0.8506477       0.5845103       0.6902136E-003  0.9999787                           
    4:S sA g1 c1 c1 a5 o6   0.3287469       0.3091842       0.0304716       0.8841468                           
    5:S sA g1 c1 c1 a7 o8   0.0404109       0.1620747       0.1165970E-004  0.9934684                           
    6:S sB g1 c1 c1 a0 o1   1.0000000       0.0000000       1.0000000       1.0000000                           
    7:S sB g1 c1 c1 a1 o2   1.0000000       0.0000000       1.0000000       1.0000000                           
    8:S sB g1 c1 c1 a3 o4   1.0000000       0.0000000       1.0000000       1.0000000                           
    9:S sB g1 c1 c1 a5 o6   0.9052039       0.5988307       0.1095625E-004  0.9999999                           
   10:S sB g1 c1 c1 a7 o8   0.2410166E-005  0.0000000       0.2410166E-005  0.2410166E-005                      
   11:S sC g1 c1 c1 a0 o1   0.9999436       0.8482624E-003  0.2758225E-008  1.0000000                           
   12:S sC g1 c1 c1 a1 o2   0.9995940       0.0046077       0.5338814E-006  1.0000000                           
   13:S sC g1 c1 c1 a3 o4   0.9970822       0.0224683       0.9113793E-004  1.0000000                           
   14:S sC g1 c1 c1 a5 o6   0.9793529       0.0872005       0.0100209       0.9999955                           
   15:S sC g1 c1 c1 a7 o8   0.8681415       0.2744872       0.0565095       0.9986202                           
   16:S sM g1 c1 c1 a0 o1   0.7757242       0.1453922       0.4020202       0.9467933                           
   17:S sM g1 c1 c1 a1 o2   0.8147251       0.0721558       0.6327646       0.9181840                           
   18:S sM g1 c1 c1 a3 o4   0.8482704       0.0479656       0.7292191       0.9206736                           
   19:S sM g1 c1 c1 a5 o6   0.8766615       0.0708656       0.6629816       0.9625207                           
   20:S sM g1 c1 c1 a7 o8   0.9003642       0.0941079       0.5362257       0.9860386                           
   21:p sA g1 c1 c1 a1 o1   0.2924915       0.0396490       0.2211731       0.3757129                           
   22:p sA g1 c1 c1 a2 o2   0.3170253       0.0385556       0.2466625       0.3968852                           
   23:Psi sA toB g1 t1      0.5057182E-007  0.4702378E-004  0.3603028E-224  1.0000000                           
   24:Psi sA toB g1 t2      0.5057182E-007  0.4702378E-004  0.3603028E-224  1.0000000                           

  Program  MARK  - Survival Rate Estimation with Capture-Recapture Data
   Compaq(Win32) Vers. 6.1 Feb 2011     26-Dec-2013 01:48:00    Page  024
 - - - - - - - - - - - - - - - - - - - - - - - - - - - - - - - - - - - - - -
 
   25:Psi sA toB g1 t3      0.5057182E-007  0.4702378E-004  0.3603028E-224  1.0000000                           
   26:Psi sA toB g1 t4      0.5057182E-007  0.4702378E-004  0.3603028E-224  1.0000000                           
   27:Psi sA toB g1 t5      0.5057182E-007  0.4702378E-004  0.3603028E-224  1.0000000                           
   28:Psi sA toB g1 t6      0.5057182E-007  0.4702378E-004  0.3603028E-224  1.0000000                           
   29:Psi sA toB g1 t7      0.5057182E-007  0.4702378E-004  0.3603028E-224  1.0000000                           
   30:Psi sA toB g1 t8      0.5057182E-007  0.4702378E-004  0.3603028E-224  1.0000000                           
   31:Psi sA toB g1 t9      0.5057182E-007  0.4702378E-004  0.3603028E-224  1.0000000                           
   32:Psi sA toC g1 t1      0.3801194E-016  0.2926073E-013  -.5731301E-013  0.5738904E-013                      
   33:Psi sA toC g1 t2      0.3801194E-016  0.2926073E-013  -.5731301E-013  0.5738904E-013                      
   34:Psi sA toC g1 t3      0.3801194E-016  0.2926073E-013  -.5731301E-013  0.5738904E-013                      
   35:Psi sA toC g1 t4      0.3801194E-016  0.2926073E-013  -.5731301E-013  0.5738904E-013                      
   36:Psi sA toC g1 t5      0.3801194E-016  0.2926073E-013  -.5731301E-013  0.5738904E-013                      
   37:Psi sA toC g1 t6      0.3801194E-016  0.2926073E-013  -.5731301E-013  0.5738904E-013                      
   38:Psi sA toC g1 t7      0.3801194E-016  0.2926073E-013  -.5731301E-013  0.5738904E-013                      
   39:Psi sA toC g1 t8      0.3801194E-016  0.2926073E-013  -.5731301E-013  0.5738904E-013                      
   40:Psi sA toC g1 t9      0.3801194E-016  0.2926073E-013  -.5731301E-013  0.5738904E-013                      
   41:Psi sA toM g1 t1      0.9999997       0.1991259E-003  0.2687342E-210  1.0000000                           
   42:Psi sA toM g1 t2      0.9999997       0.1991259E-003  0.2687342E-210  1.0000000                           
   43:Psi sA toM g1 t3      0.9999997       0.1988823E-003  0.2687342E-210  1.0000000                           
   44:Psi sA toM g1 t4      0.9999997       0.1991259E-003  0.2687342E-210  1.0000000                           
   45:Psi sA toM g1 t5      0.9999997       0.1980975E-003  0.2687342E-210  1.0000000                           
   46:Psi sA toM g1 t6      0.9999997       0.1988823E-003  0.2687342E-210  1.0000000                           
   47:Psi sA toM g1 t7      0.9999997       0.1991259E-003  0.2687342E-210  1.0000000                           
   48:Psi sA toM g1 t8      0.9999997       0.1991259E-003  0.2687342E-210  1.0000000                           
   49:Psi sA toM g1 t9      0.9999997       0.1988823E-003  0.2687342E-210  1.0000000                           
   50:Psi sB toA g1 t1      0.2994755E-049  0.0000000       0.2994755E-049  0.2994755E-049                      
   51:Psi sB toA g1 t2      0.2994755E-049  0.0000000       0.2994755E-049  0.2994755E-049                      
   52:Psi sB toA g1 t3      0.2994755E-049  0.0000000       0.2994755E-049  0.2994755E-049                      
   53:Psi sB toA g1 t4      0.2994755E-049  0.0000000       0.2994755E-049  0.2994755E-049                      
   54:Psi sB toA g1 t5      0.2994755E-049  0.0000000       0.2994755E-049  0.2994755E-049                      
   55:Psi sB toA g1 t6      0.2994755E-049  0.0000000       0.2994755E-049  0.2994755E-049                      
   56:Psi sB toA g1 t7      0.2994755E-049  0.0000000       0.2994755E-049  0.2994755E-049                      
   57:Psi sB toA g1 t8      0.2994755E-049  0.0000000       0.2994755E-049  0.2994755E-049                      
   58:Psi sB toA g1 t9      0.2994755E-049  0.0000000       0.2994755E-049  0.2994755E-049                      
   59:Psi sB toC g1 t1      0.1663295E-039  0.4132130E-052  0.1663295E-039  0.1663295E-039                      
   60:Psi sB toC g1 t2      0.1663295E-039  0.4132130E-052  0.1663295E-039  0.1663295E-039                      
   61:Psi sB toC g1 t3      0.1663295E-039  0.4132130E-052  0.1663295E-039  0.1663295E-039                      
   62:Psi sB toC g1 t4      0.1663295E-039  0.4132130E-052  0.1663295E-039  0.1663295E-039                      
   63:Psi sB toC g1 t5      0.1663295E-039  0.4132130E-052  0.1663295E-039  0.1663295E-039                      
   64:Psi sB toC g1 t6      0.1663295E-039  0.4132130E-052  0.1663295E-039  0.1663295E-039                      
   65:Psi sB toC g1 t7      0.1663295E-039  0.4132130E-052  0.1663295E-039  0.1663295E-039                      
   66:Psi sB toC g1 t8      0.1663295E-039  0.4132130E-052  0.1663295E-039  0.1663295E-039                      
   67:Psi sB toC g1 t9      0.1663295E-039  0.4132130E-052  0.1663295E-039  0.1663295E-039                      
   68:Psi sB toM g1 t1      1.0000000       0.0000000       1.0000000       1.0000000                           
   69:Psi sB toM g1 t2      1.0000000       0.0000000       1.0000000       1.0000000                           
   70:Psi sB toM g1 t3      1.0000000       0.0000000       1.0000000       1.0000000                           

  Program  MARK  - Survival Rate Estimation with Capture-Recapture Data
   Compaq(Win32) Vers. 6.1 Feb 2011     26-Dec-2013 01:48:00    Page  025
 - - - - - - - - - - - - - - - - - - - - - - - - - - - - - - - - - - - - - -
 
   71:Psi sB toM g1 t4      1.0000000       0.0000000       1.0000000       1.0000000                           
   72:Psi sB toM g1 t5      1.0000000       0.0000000       1.0000000       1.0000000                           
   73:Psi sB toM g1 t6      1.0000000       0.0000000       1.0000000       1.0000000                           
   74:Psi sB toM g1 t7      1.0000000       0.0000000       1.0000000       1.0000000                           
   75:Psi sB toM g1 t8      1.0000000       0.0000000       1.0000000       1.0000000                           
   76:Psi sB toM g1 t9      1.0000000       0.0000000       1.0000000       1.0000000                           
   77:Psi sC toA g1 t1      0.2086768E-010  0.1726191E-006  -.3383127E-006  0.3383544E-006                      
   78:Psi sC toA g1 t2      0.2086768E-010  0.1726191E-006  -.3383127E-006  0.3383544E-006                      
   79:Psi sC toA g1 t3      0.2086768E-010  0.1726191E-006  -.3383127E-006  0.3383544E-006                      
   80:Psi sC toA g1 t4      0.2086768E-010  0.1726191E-006  -.3383127E-006  0.3383544E-006                      
   81:Psi sC toA g1 t5      0.2086768E-010  0.1726191E-006  -.3383127E-006  0.3383544E-006                      
   82:Psi sC toA g1 t6      0.2086768E-010  0.1726191E-006  -.3383127E-006  0.3383544E-006                      
   83:Psi sC toA g1 t7      0.2086768E-010  0.1726191E-006  -.3383127E-006  0.3383544E-006                      
   84:Psi sC toA g1 t8      0.2086768E-010  0.1726191E-006  -.3383127E-006  0.3383544E-006                      
   85:Psi sC toA g1 t9      0.2086768E-010  0.1726191E-006  -.3383127E-006  0.3383544E-006                      
   86:Psi sC toB g1 t1      0.2510594E-007  0.1593515E-004  0.1788692E-224  1.0000000                           
   87:Psi sC toB g1 t2      0.2510594E-007  0.1593515E-004  0.1788692E-224  1.0000000                           
   88:Psi sC toB g1 t3      0.2510594E-007  0.1593515E-004  0.1788692E-224  1.0000000                           
   89:Psi sC toB g1 t4      0.2510594E-007  0.1593515E-004  0.1788692E-224  1.0000000                           
   90:Psi sC toB g1 t5      0.2510594E-007  0.1593515E-004  0.1788692E-224  1.0000000                           
   91:Psi sC toB g1 t6      0.2510594E-007  0.1593515E-004  0.1788692E-224  1.0000000                           
   92:Psi sC toB g1 t7      0.2510594E-007  0.1593515E-004  0.1788692E-224  1.0000000                           
   93:Psi sC toB g1 t8      0.2510594E-007  0.1593515E-004  0.1788692E-224  1.0000000                           
   94:Psi sC toB g1 t9      0.2510594E-007  0.1593515E-004  0.1788692E-224  1.0000000                           
   95:Psi sC toM g1 t1      1.0000000       0.1588537E-004  0.2835447E-209  1.0000000                           
   96:Psi sC toM g1 t2      1.0000000       0.2116652E-004  0.2835447E-209  1.0000000                           
   97:Psi sC toM g1 t3      1.0000000       0.1588537E-004  0.2835447E-209  1.0000000                           
   98:Psi sC toM g1 t4      1.0000000       0.1588537E-004  0.2835447E-209  1.0000000                           
   99:Psi sC toM g1 t5      1.0000000       0.1632153E-004  0.2835447E-209  1.0000000                           
  100:Psi sC toM g1 t6      1.0000000       0.1588537E-004  0.2835447E-209  1.0000000                           
  101:Psi sC toM g1 t7      1.0000000       0.1588537E-004  0.2835447E-209  1.0000000                           
  102:Psi sC toM g1 t8      1.0000000       0.2116652E-004  0.2835447E-209  1.0000000                           
  103:Psi sC toM g1 t9      1.0000000       0.1588537E-004  0.2835447E-209  1.0000000                           
  104:Psi sM toA g1 t1      0.1064222       0.0355689       0.0541198       0.1986550                           
  105:Psi sM toA g1 t2      0.1064222       0.0355689       0.0541198       0.1986550                           
  106:Psi sM toA g1 t3      0.1064222       0.0355689       0.0541198       0.1986550                           
  107:Psi sM toA g1 t4      0.1064222       0.0355689       0.0541198       0.1986550                           
  108:Psi sM toA g1 t5      0.1064222       0.0355689       0.0541198       0.1986550                           
  109:Psi sM toA g1 t6      0.1064222       0.0355689       0.0541198       0.1986550                           
  110:Psi sM toA g1 t7      0.1064222       0.0355689       0.0541198       0.1986550                           
  111:Psi sM toA g1 t8      0.1064222       0.0355689       0.0541198       0.1986550                           
  112:Psi sM toA g1 t9      0.1064222       0.0355689       0.0541198       0.1986550                           
  113:Psi sM toB g1 t1      0.0933165       0.0335368       0.0451875       0.1828885                           
  114:Psi sM toB g1 t2      0.0933165       0.0335368       0.0451875       0.1828885                           
  115:Psi sM toB g1 t3      0.0933165       0.0335368       0.0451875       0.1828885                           
  116:Psi sM toB g1 t4      0.0933165       0.0335368       0.0451875       0.1828885                           

  Program  MARK  - Survival Rate Estimation with Capture-Recapture Data
   Compaq(Win32) Vers. 6.1 Feb 2011     26-Dec-2013 01:48:00    Page  026
 - - - - - - - - - - - - - - - - - - - - - - - - - - - - - - - - - - - - - -
 
  117:Psi sM toB g1 t5      0.0933165       0.0335368       0.0451875       0.1828885                           
  118:Psi sM toB g1 t6      0.0933165       0.0335368       0.0451875       0.1828885                           
  119:Psi sM toB g1 t7      0.0933165       0.0335368       0.0451875       0.1828885                           
  120:Psi sM toB g1 t8      0.0933165       0.0335368       0.0451875       0.1828885                           
  121:Psi sM toB g1 t9      0.0933165       0.0335368       0.0451875       0.1828885                           
  122:Psi sM toC g1 t1      0.8002613       0.0460430       0.6949467       0.8757198                           
  123:Psi sM toC g1 t2      0.8002613       0.0460430       0.6949467       0.8757198                           
  124:Psi sM toC g1 t3      0.8002613       0.0460430       0.6949467       0.8757198                           
  125:Psi sM toC g1 t4      0.8002613       0.0460430       0.6949467       0.8757198                           
  126:Psi sM toC g1 t5      0.8002613       0.0460430       0.6949467       0.8757198                           
  127:Psi sM toC g1 t6      0.8002613       0.0460430       0.6949467       0.8757198                           
  128:Psi sM toC g1 t7      0.8002613       0.0460430       0.6949467       0.8757198                           
  129:Psi sM toC g1 t8      0.8002613       0.0460430       0.6949467       0.8757198                           
  130:Psi sM toC g1 t9      0.8002613       0.0460430       0.6949467       0.8757198                           

 Attempted ordering of parameters by estimatibility:
   9 19  4 16 10  5  1  7  2  3  8 13 15 14 20  6 22 12 17 18 11 21
 Beta number 21 is a singular value.

     Time in seconds for last procedure was 2.89


  INPUT --- proc stop;

     Time in minutes for this job was 0.05


          E X E C U T I O N   S U C C E S S F U L 
